
Circuit 1 cell sky130_fd_pr__pfet_g5v0d10v5 and Circuit 2 cell sky130_fd_pr__pfet_g5v0d10v5 are black boxes.
Warning: Equate pins:  cell sky130_fd_pr__pfet_g5v0d10v5 is a placeholder, treated as a black box.
Warning: Equate pins:  cell sky130_fd_pr__pfet_g5v0d10v5 is a placeholder, treated as a black box.

Subcircuit pins:
Circuit 1: sky130_fd_pr__pfet_g5v0d10v5    |Circuit 2: sky130_fd_pr__pfet_g5v0d10v5    
-------------------------------------------|-------------------------------------------
1                                          |1                                          
2                                          |2                                          
3                                          |3                                          
4                                          |4                                          
---------------------------------------------------------------------------------------
Cell pin lists are equivalent.
Device classes sky130_fd_pr__pfet_g5v0d10v5 and sky130_fd_pr__pfet_g5v0d10v5 are equivalent.

Circuit 1 cell sky130_fd_pr__nfet_g5v0d10v5 and Circuit 2 cell sky130_fd_pr__nfet_g5v0d10v5 are black boxes.
Warning: Equate pins:  cell sky130_fd_pr__nfet_g5v0d10v5 is a placeholder, treated as a black box.
Warning: Equate pins:  cell sky130_fd_pr__nfet_g5v0d10v5 is a placeholder, treated as a black box.

Subcircuit pins:
Circuit 1: sky130_fd_pr__nfet_g5v0d10v5    |Circuit 2: sky130_fd_pr__nfet_g5v0d10v5    
-------------------------------------------|-------------------------------------------
1                                          |1                                          
2                                          |2                                          
3                                          |3                                          
4                                          |4                                          
---------------------------------------------------------------------------------------
Cell pin lists are equivalent.
Device classes sky130_fd_pr__nfet_g5v0d10v5 and sky130_fd_pr__nfet_g5v0d10v5 are equivalent.

Circuit 1 cell sky130_fd_pr__pfet_01v8 and Circuit 2 cell sky130_fd_pr__pfet_01v8 are black boxes.
Warning: Equate pins:  cell sky130_fd_pr__pfet_01v8 is a placeholder, treated as a black box.
Warning: Equate pins:  cell sky130_fd_pr__pfet_01v8 is a placeholder, treated as a black box.

Subcircuit pins:
Circuit 1: sky130_fd_pr__pfet_01v8         |Circuit 2: sky130_fd_pr__pfet_01v8         
-------------------------------------------|-------------------------------------------
1                                          |1                                          
2                                          |2                                          
3                                          |3                                          
4                                          |4                                          
---------------------------------------------------------------------------------------
Cell pin lists are equivalent.
Device classes sky130_fd_pr__pfet_01v8 and sky130_fd_pr__pfet_01v8 are equivalent.

Circuit 1 cell sky130_fd_pr__nfet_01v8 and Circuit 2 cell sky130_fd_pr__nfet_01v8 are black boxes.
Warning: Equate pins:  cell sky130_fd_pr__nfet_01v8 is a placeholder, treated as a black box.
Warning: Equate pins:  cell sky130_fd_pr__nfet_01v8 is a placeholder, treated as a black box.

Subcircuit pins:
Circuit 1: sky130_fd_pr__nfet_01v8         |Circuit 2: sky130_fd_pr__nfet_01v8         
-------------------------------------------|-------------------------------------------
1                                          |1                                          
2                                          |2                                          
3                                          |3                                          
4                                          |4                                          
---------------------------------------------------------------------------------------
Cell pin lists are equivalent.
Device classes sky130_fd_pr__nfet_01v8 and sky130_fd_pr__nfet_01v8 are equivalent.

Circuit 1 cell sky130_fd_pr__res_xhigh_po_0p35 and Circuit 2 cell sky130_fd_pr__res_xhigh_po_0p35 are black boxes.
Warning: Equate pins:  cell sky130_fd_pr__res_xhigh_po_0p35 is a placeholder, treated as a black box.
Warning: Equate pins:  cell sky130_fd_pr__res_xhigh_po_0p35 is a placeholder, treated as a black box.

Subcircuit pins:
Circuit 1: sky130_fd_pr__res_xhigh_po_0p35 |Circuit 2: sky130_fd_pr__res_xhigh_po_0p35 
-------------------------------------------|-------------------------------------------
1                                          |1                                          
2                                          |2                                          
3                                          |3                                          
---------------------------------------------------------------------------------------
Cell pin lists are equivalent.
Device classes sky130_fd_pr__res_xhigh_po_0p35 and sky130_fd_pr__res_xhigh_po_0p35 are equivalent.

Circuit 1 cell sky130_fd_pr__diode_pw2nd_05v5 and Circuit 2 cell sky130_fd_pr__diode_pw2nd_05v5 are black boxes.
Warning: Equate pins:  cell sky130_fd_pr__diode_pw2nd_05v5 is a placeholder, treated as a black box.
Warning: Equate pins:  cell sky130_fd_pr__diode_pw2nd_05v5 is a placeholder, treated as a black box.

Subcircuit pins:
Circuit 1: sky130_fd_pr__diode_pw2nd_05v5  |Circuit 2: sky130_fd_pr__diode_pw2nd_05v5  
-------------------------------------------|-------------------------------------------
1                                          |1                                          
2                                          |2                                          
---------------------------------------------------------------------------------------
Cell pin lists are equivalent.
Device classes sky130_fd_pr__diode_pw2nd_05v5 and sky130_fd_pr__diode_pw2nd_05v5 are equivalent.

Circuit 1 cell sky130_fd_pr__cap_mim_m3_1 and Circuit 2 cell sky130_fd_pr__cap_mim_m3_1 are black boxes.
Warning: Equate pins:  cell sky130_fd_pr__cap_mim_m3_1 is a placeholder, treated as a black box.
Warning: Equate pins:  cell sky130_fd_pr__cap_mim_m3_1 is a placeholder, treated as a black box.

Subcircuit pins:
Circuit 1: sky130_fd_pr__cap_mim_m3_1      |Circuit 2: sky130_fd_pr__cap_mim_m3_1      
-------------------------------------------|-------------------------------------------
1                                          |1                                          
2                                          |2                                          
---------------------------------------------------------------------------------------
Cell pin lists are equivalent.
Device classes sky130_fd_pr__cap_mim_m3_1 and sky130_fd_pr__cap_mim_m3_1 are equivalent.
Flattening unmatched subcell sky130_fd_pr__pfet_g5v0d10v5_6ELFTH in circuit rc_osc_level_shifter (0)(4 instances)
Flattening unmatched subcell sky130_fd_pr__nfet_g5v0d10v5_6XHUDR in circuit rc_osc_level_shifter (0)(2 instances)
Flattening unmatched subcell sky130_fd_pr__pfet_01v8_LGS3BL in circuit rc_osc_level_shifter (0)(1 instance)
Flattening unmatched subcell sky130_fd_pr__nfet_01v8_64Z3AY in circuit rc_osc_level_shifter (0)(1 instance)

Subcircuit summary:
Circuit 1: rc_osc_level_shifter            |Circuit 2: rc_osc_level_shifter            
-------------------------------------------|-------------------------------------------
sky130_fd_pr__pfet_g5v0d10v5 (4)           |sky130_fd_pr__pfet_g5v0d10v5 (4)           
sky130_fd_pr__nfet_g5v0d10v5 (2)           |sky130_fd_pr__nfet_g5v0d10v5 (2)           
sky130_fd_pr__pfet_01v8 (1)                |sky130_fd_pr__pfet_01v8 (1)                
sky130_fd_pr__nfet_01v8 (1)                |sky130_fd_pr__nfet_01v8 (1)                
Number of devices: 8                       |Number of devices: 8                       
Number of nets: 10                         |Number of nets: 10                         
---------------------------------------------------------------------------------------
Netlists match uniquely.

Subcircuit pins:
Circuit 1: rc_osc_level_shifter            |Circuit 2: rc_osc_level_shifter            
-------------------------------------------|-------------------------------------------
inb_l                                      |inb_l                                      
in_l                                       |in_l                                       
dvdd                                       |dvdd                                       
dvss                                       |dvss                                       
avdd                                       |avdd                                       
out_h                                      |out_h                                      
outb_h                                     |outb_h                                     
avss                                       |avss                                       
---------------------------------------------------------------------------------------
Cell pin lists are equivalent.
Device classes rc_osc_level_shifter and rc_osc_level_shifter are equivalent.
Flattening unmatched subcell sky130_fd_pr__nfet_g5v0d10v5_6XHUDR in circuit sky130_ef_ip__rc_osc_500k (0)(21 instances)
Flattening unmatched subcell sky130_fd_pr__pfet_g5v0d10v5_6ELFTH in circuit sky130_ef_ip__rc_osc_500k (0)(17 instances)
Flattening unmatched subcell sky130_fd_pr__nfet_01v8_L7BSKG in circuit sky130_ef_ip__rc_osc_500k (0)(1 instance)
Flattening unmatched subcell sky130_fd_pr__res_xhigh_po_0p35_DEAPHQ in circuit sky130_ef_ip__rc_osc_500k (0)(2 instances)
Flattening unmatched subcell sky130_fd_pr__nfet_01v8_L9WNCD in circuit sky130_ef_ip__rc_osc_500k (0)(2 instances)
Flattening unmatched subcell sky130_fd_pr__diode_pw2nd_05v5_FT76RJ in circuit sky130_ef_ip__rc_osc_500k (0)(1 instance)
Flattening unmatched subcell sky130_fd_pr__pfet_01v8_LGS3BL in circuit sky130_ef_ip__rc_osc_500k (0)(1 instance)
Flattening unmatched subcell sky130_fd_pr__cap_mim_m3_1_AZFCP3 in circuit sky130_ef_ip__rc_osc_500k (0)(5 instances)
Flattening unmatched subcell sky130_fd_pr__pfet_01v8_2Z69BZ in circuit sky130_ef_ip__rc_osc_500k (0)(1 instance)

Class sky130_ef_ip__rc_osc_500k (0):  Merged 21 parallel devices.
Class sky130_ef_ip__rc_osc_500k (0):  Merged 113 series devices.
Class sky130_ef_ip__rc_osc_500k (1):  Merged 21 parallel devices.
Subcircuit summary:
Circuit 1: sky130_ef_ip__rc_osc_500k       |Circuit 2: sky130_ef_ip__rc_osc_500k       
-------------------------------------------|-------------------------------------------
sky130_fd_pr__nfet_g5v0d10v5 (21)          |sky130_fd_pr__nfet_g5v0d10v5 (21)          
sky130_fd_pr__pfet_g5v0d10v5 (17)          |sky130_fd_pr__pfet_g5v0d10v5 (17)          
sky130_fd_pr__nfet_01v8 (3)                |sky130_fd_pr__nfet_01v8 (3)                
rc_osc_level_shifter (1)                   |rc_osc_level_shifter (1)                   
sky130_fd_pr__res_xhigh_po_0p35 (136->2)   |sky130_fd_pr__res_xhigh_po_0p35 (23->2)    
sky130_fd_pr__diode_pw2nd_05v5 (1)         |sky130_fd_pr__diode_pw2nd_05v5 (1)         
sky130_fd_pr__pfet_01v8 (2)                |sky130_fd_pr__pfet_01v8 (2)                
sky130_fd_pr__cap_mim_m3_1 (5)             |sky130_fd_pr__cap_mim_m3_1 (5)             
Number of devices: 52                      |Number of devices: 52                      
Number of nets: 37                         |Number of nets: 37                         
---------------------------------------------------------------------------------------
Netlists match uniquely with property errors.
sky130_fd_pr__diode_pw2nd_05v5_FT76RJ:D3/sky130_fd_pr__diode_pw2nd_05v5:0 vs. sky130_fd_pr__diode_pw2nd_05v5:D3:
 perim circuit1: 1.8e+06   circuit2: 4e+06   (delta=75.9%, cutoff=2%)

Subcircuit pins:
Circuit 1: sky130_ef_ip__rc_osc_500k       |Circuit 2: sky130_ef_ip__rc_osc_500k       
-------------------------------------------|-------------------------------------------
ena                                        |ena                                        
dvss                                       |dvss                                       
dout                                       |dout                                       
avdd                                       |avdd                                       
dvdd                                       |dvdd                                       
avss                                       |avss                                       
---------------------------------------------------------------------------------------
Cell pin lists are equivalent.
Device classes sky130_ef_ip__rc_osc_500k and sky130_ef_ip__rc_osc_500k are equivalent.

Final result: Circuits match uniquely.
Property errors were found.

The following cells had property errors:
 sky130_ef_ip__rc_osc_500k
